<?xml version="1.0" encoding="UTF-8"?>
<testsuite name="com.example.rewire.db.converter.RecurrenceTypeConverterTest" tests="12" skipped="0" failures="0" errors="0" timestamp="2025-08-19T14:49:08.090Z" hostname="LAPTOP-RUSMEGN4" time="0.958">
  <properties/>
  <testcase name="testDailySerialization" classname="com.example.rewire.db.converter.RecurrenceTypeConverterTest" time="0.75"/>
  <testcase name="testCustomWeeklySerialization_empty" classname="com.example.rewire.db.converter.RecurrenceTypeConverterTest" time="0.073"/>
  <testcase name="testInvalidTypeDeserializationDefaultsToDaily" classname="com.example.rewire.db.converter.RecurrenceTypeConverterTest" time="0.008"/>
  <testcase name="testQuarterlyByWeekdaySerialization" classname="com.example.rewire.db.converter.RecurrenceTypeConverterTest" time="0.047"/>
  <testcase name="testMonthlyByWeekdayOutOfRange" classname="com.example.rewire.db.converter.RecurrenceTypeConverterTest" time="0.001"/>
  <testcase name="testMonthlyByWeekdaySerialization" classname="com.example.rewire.db.converter.RecurrenceTypeConverterTest" time="0.001"/>
  <testcase name="testWeeklySerialization" classname="com.example.rewire.db.converter.RecurrenceTypeConverterTest" time="0.0"/>
  <testcase name="testMonthlyByDateSerialization" classname="com.example.rewire.db.converter.RecurrenceTypeConverterTest" time="0.0"/>
  <testcase name="testQuarterlyByDateSerialization" classname="com.example.rewire.db.converter.RecurrenceTypeConverterTest" time="0.0"/>
  <testcase name="testCustomWeeklySerialization_single" classname="com.example.rewire.db.converter.RecurrenceTypeConverterTest" time="0.002"/>
  <testcase name="testMonthlyByDateOutOfRange" classname="com.example.rewire.db.converter.RecurrenceTypeConverterTest" time="0.001"/>
  <testcase name="testCustomWeeklySerialization_allDays" classname="com.example.rewire.db.converter.RecurrenceTypeConverterTest" time="0.061"/>
  <system-out><![CDATA[]]></system-out>
  <system-err><![CDATA[]]></system-err>
</testsuite>
