<?xml version="1.0" encoding="UTF-8"?>
<testsuite name="com.example.rewire.ExampleUnitTest" tests="1" skipped="0" failures="0" errors="0" timestamp="2025-08-19T08:34:34.276Z" hostname="LAPTOP-RUSMEGN4" time="0.036">
  <properties/>
  <testcase name="addition_isCorrect" classname="com.example.rewire.ExampleUnitTest" time="0.036"/>
  <system-out><![CDATA[]]></system-out>
  <system-err><![CDATA[]]></system-err>
</testsuite>
