<?xml version="1.0" encoding="UTF-8"?>
<testsuite name="HabitCompletionDaoTest" tests="3" skipped="0" failures="0" errors="0" timestamp="2025-08-20T06:45:13.805Z" hostname="LAPTOP-RUSMEGN4" time="0.043">
  <properties/>
  <testcase name="testGetCompletionsForHabit" classname="HabitCompletionDaoTest" time="0.036"/>
  <testcase name="testInsertCompletion" classname="HabitCompletionDaoTest" time="0.002"/>
  <testcase name="testDeleteCompletion" classname="HabitCompletionDaoTest" time="0.004"/>
  <system-out><![CDATA[]]></system-out>
  <system-err><![CDATA[]]></system-err>
</testsuite>
