<?xml version="1.0" encoding="UTF-8"?>
<testsuite name="com.example.rewire.ExampleUnitTest" tests="1" skipped="0" failures="0" errors="0" timestamp="2025-08-11T12:58:45.884Z" hostname="LAPTOP-RUSMEGN4" time="0.012">
  <properties/>
  <testcase name="addition_isCorrect" classname="com.example.rewire.ExampleUnitTest" time="0.012"/>
  <system-out><![CDATA[]]></system-out>
  <system-err><![CDATA[]]></system-err>
</testsuite>
