<?xml version="1.0" encoding="UTF-8"?>
<testsuite name="com.example.rewire.repository.HabitRepositoryTest" tests="16" skipped="0" failures="0" errors="0" timestamp="2025-08-20T06:45:16.864Z" hostname="LAPTOP-RUSMEGN4" time="0.122">
  <properties/>
  <testcase name="testGetHabitsByDate" classname="com.example.rewire.repository.HabitRepositoryTest" time="0.004"/>
  <testcase name="testInsertHabit_duplicate" classname="com.example.rewire.repository.HabitRepositoryTest" time="0.003"/>
  <testcase name="testGetHabitStreak" classname="com.example.rewire.repository.HabitRepositoryTest" time="0.027"/>
  <testcase name="testDeleteHabit" classname="com.example.rewire.repository.HabitRepositoryTest" time="0.009"/>
  <testcase name="testGetCompletedHabits" classname="com.example.rewire.repository.HabitRepositoryTest" time="0.004"/>
  <testcase name="testUpdateHabit" classname="com.example.rewire.repository.HabitRepositoryTest" time="0.005"/>
  <testcase name="testGetHabitsPaged" classname="com.example.rewire.repository.HabitRepositoryTest" time="0.022"/>
  <testcase name="testGetHabitById" classname="com.example.rewire.repository.HabitRepositoryTest" time="0.007"/>
  <testcase name="testInsertHabit" classname="com.example.rewire.repository.HabitRepositoryTest" time="0.004"/>
  <testcase name="testGetAllHabits_empty" classname="com.example.rewire.repository.HabitRepositoryTest" time="0.004"/>
  <testcase name="testDeleteHabits" classname="com.example.rewire.repository.HabitRepositoryTest" time="0.005"/>
  <testcase name="testGetAllHabits" classname="com.example.rewire.repository.HabitRepositoryTest" time="0.003"/>
  <testcase name="testSearchHabits" classname="com.example.rewire.repository.HabitRepositoryTest" time="0.003"/>
  <testcase name="testGetHabitById_invalid" classname="com.example.rewire.repository.HabitRepositoryTest" time="0.003"/>
  <testcase name="testInsertHabits" classname="com.example.rewire.repository.HabitRepositoryTest" time="0.006"/>
  <testcase name="testGetHabitsByRecurrence" classname="com.example.rewire.repository.HabitRepositoryTest" time="0.004"/>
  <system-out><![CDATA[]]></system-out>
  <system-err><![CDATA[]]></system-err>
</testsuite>
