<?xml version="1.0" encoding="UTF-8"?>
<testsuite name="AddictionNoteDaoTest" tests="5" skipped="0" failures="0" errors="0" timestamp="2025-08-20T06:45:16.348Z" hostname="LAPTOP-RUSMEGN4" time="0.015">
  <properties/>
  <testcase name="testGetById" classname="AddictionNoteDaoTest" time="0.003"/>
  <testcase name="testDeleteAll" classname="AddictionNoteDaoTest" time="0.002"/>
  <testcase name="testDelete" classname="AddictionNoteDaoTest" time="0.004"/>
  <testcase name="testUpdate" classname="AddictionNoteDaoTest" time="0.002"/>
  <testcase name="testInsertAndGetAll" classname="AddictionNoteDaoTest" time="0.002"/>
  <system-out><![CDATA[]]></system-out>
  <system-err><![CDATA[]]></system-err>
</testsuite>
